2025-01-01 14:21:05,727 - __main__ - INFO - Using config file: c:\Users\jakep\Desktop\PythonProjects\ProjectMarissa\config.py
2025-01-01 14:21:05,727 - __main__ - INFO - Clearing the directory: c:\Users\jakep\Desktop\PythonProjects\ProjectMarissa\GCP_Downloads
2025-01-01 14:21:05,728 - __main__ - INFO - Created a fresh directory: c:\Users\jakep\Desktop\PythonProjects\ProjectMarissa\GCP_Downloads
2025-01-01 14:21:05,728 - __main__ - INFO - Fetching videos from GCP bucket...
2025-01-01 14:21:05,728 - __main__ - INFO - Running in DEV_MODE: Fetching specified videos only.
2025-01-01 14:21:05,729 - google.auth._default - DEBUG - Checking C:\Users\jakep\Documents\basketballformai-78e28fb9e829.json for explicit credentials as part of auth process...
2025-01-01 14:21:05,738 - google.auth._default - DEBUG - Checking C:\Users\jakep\Documents\basketballformai-78e28fb9e829.json for explicit credentials as part of auth process...
2025-01-01 14:21:05,739 - urllib3.util.retry - DEBUG - Converted retries value: 3 -> Retry(total=3, connect=None, read=None, redirect=None, status=None)
2025-01-01 14:21:05,763 - google.auth.transport.requests - DEBUG - Making request: POST https://oauth2.googleapis.com/token
2025-01-01 14:21:05,766 - urllib3.connectionpool - DEBUG - Starting new HTTPS connection (1): oauth2.googleapis.com:443
2025-01-01 14:21:05,862 - urllib3.connectionpool - DEBUG - https://oauth2.googleapis.com:443 "POST /token HTTP/11" 200 None
2025-01-01 14:21:05,863 - urllib3.connectionpool - DEBUG - Starting new HTTPS connection (1): storage.googleapis.com:443
2025-01-01 14:21:05,984 - urllib3.connectionpool - DEBUG - https://storage.googleapis.com:443 "GET /storage/v1/b/basketball-ai-data/o?projection=noAcl&prefix=project%2Fbasketball-ai-data%2Ffiles%2FVideos%2F&prettyPrint=false HTTP/11" 200 9323
2025-01-01 14:21:05,985 - __main__ - INFO - Available videos in bucket 'basketball-ai-data' with prefix 'project/basketball-ai-data/files/Videos/': ['latest_vid.MOV', 'long_vid.mov', 'long_vid1.mov', 'long_vid2.mov', 'long_vid3.mov', 'long_vid_final.mov', 'thumbs_up.mov', 'thumbs_up_1.mov', 'thumbs_up_2.mov', 'thumbs_up_short.mov']
2025-01-01 14:21:05,986 - __main__ - DEBUG - Skipping 'latest_vid.MOV' as it's not in DEV_VIDEOS.
2025-01-01 14:21:05,986 - __main__ - INFO - Downloading project/basketball-ai-data/files/Videos/long_vid.mov to c:\Users\jakep\Desktop\PythonProjects\ProjectMarissa\GCP_Downloads\long_vid.mov...
2025-01-01 14:21:06,124 - urllib3.connectionpool - DEBUG - https://storage.googleapis.com:443 "GET /download/storage/v1/b/basketball-ai-data/o/project%2Fbasketball-ai-data%2Ffiles%2FVideos%2Flong_vid.mov?alt=media HTTP/11" 200 679310783
2025-01-01 14:21:06,124 - google.resumable_media._helpers - INFO - No MD5 checksum was returned from the service while downloading https://storage.googleapis.com/download/storage/v1/b/basketball-ai-data/o/project%2Fbasketball-ai-data%2Ffiles%2FVideos%2Flong_vid.mov?alt=media
(which happens for composite objects), so client-side content integrity
checking is not being performed.
2025-01-01 14:21:29,578 - __main__ - INFO - Downloaded project/basketball-ai-data/files/Videos/long_vid.mov successfully.
2025-01-01 14:21:29,579 - __main__ - DEBUG - Skipping 'long_vid1.mov' as it's not in DEV_VIDEOS.
2025-01-01 14:21:29,579 - __main__ - DEBUG - Skipping 'long_vid2.mov' as it's not in DEV_VIDEOS.
2025-01-01 14:21:29,579 - __main__ - DEBUG - Skipping 'long_vid3.mov' as it's not in DEV_VIDEOS.
2025-01-01 14:21:29,579 - __main__ - DEBUG - Skipping 'long_vid_final.mov' as it's not in DEV_VIDEOS.
2025-01-01 14:21:29,579 - __main__ - DEBUG - Skipping 'thumbs_up.mov' as it's not in DEV_VIDEOS.
2025-01-01 14:21:29,580 - __main__ - DEBUG - Skipping 'thumbs_up_1.mov' as it's not in DEV_VIDEOS.
2025-01-01 14:21:29,580 - __main__ - DEBUG - Skipping 'thumbs_up_2.mov' as it's not in DEV_VIDEOS.
2025-01-01 14:21:29,580 - __main__ - DEBUG - Skipping 'thumbs_up_short.mov' as it's not in DEV_VIDEOS.
2025-01-01 14:21:29,580 - __main__ - INFO - Selected DEV_MODE videos: ['c:\\Users\\jakep\\Desktop\\PythonProjects\\ProjectMarissa\\GCP_Downloads\\long_vid.mov']
